<?xml version="1.0" encoding="UTF-8"?>
<!-- Generated by org.testng.reporters.JUnitXMLReporter -->
<testsuite hostname="AtishK2-MSD1" ignored="0" name="Test" tests="1" failures="1" timestamp="2019-10-01T21:33:48 IST" time="10.685" errors="0">
  <testcase name="LoginTest" time="2.862" classname="TestCases.TestFramework">
    <failure type="java.lang.AssertionError" message="Test failed since the actual title of window is Dashboard ‹ opensourcecms — WordPress did not expect to find [true] but found [false]">
      <![CDATA[java.lang.AssertionError: Test failed since the actual title of window is Dashboard ‹ opensourcecms — WordPress did not expect to find [true] but found [false]
at TestCases.TestFramework.LoginTest(TestFramework.java:32)
at java.util.ArrayList.forEach(Unknown Source)
... Removed 30 stack frames]]>
    </failure>
  </testcase> <!-- LoginTest -->
</testsuite> <!-- Test -->
